
> server@1.0.0 dev
> nodemon index.js

[33m[nodemon] 3.1.11[39m
[33m[nodemon] to restart at any time, enter `rs`[39m
[33m[nodemon] watching path(s): *.*[39m
[33m[nodemon] watching extensions: js,mjs,cjs,json[39m
[32m[nodemon] starting `node index.js`[39m
[dotenv@17.2.3] injecting env (0) from .env -- tip: 📡 add observability to secrets: https://dotenvx.com/ops
No MONGO_URI found, using Memory Server
Servidor corriendo en el puerto 5000
MongoDB Conectado
✅ Usuario TestUser (PIN: 1234) creado automáticamente.
✅ Usuario MobileUser (PIN: 1234) creado automáticamente.
[32m[nodemon] restarting due to changes...[39m
[32m[nodemon] starting `node index.js`[39m
[dotenv@17.2.3] injecting env (0) from .env -- tip: 🛠️  run anywhere with `dotenvx run -- yourcommand`
No MONGO_URI found, using Memory Server
Servidor corriendo en el puerto 5000
MongoDB Conectado
✅ Usuario TestUser (PIN: 1234) creado automáticamente.
✅ Usuario MobileUser (PIN: 1234) creado automáticamente.
