
> server@1.0.0 start
> node index.js

[dotenv@17.2.3] injecting env (0) from .env -- tip: 🔐 prevent building .env in docker: https://dotenvx.com/prebuild
No MONGO_URI found, using Memory Server
Servidor corriendo en el puerto 5000
MongoDB Conectado
🚫 Bloqueado por CORS: http://localhost:4173
Error: Not allowed by CORS
    at origin (/app/server/index.js:34:16)
    at /app/server/node_modules/cors/lib/index.js:219:13
    at optionsCallback (/app/server/node_modules/cors/lib/index.js:199:9)
    at corsMiddleware (/app/server/node_modules/cors/lib/index.js:204:7)
    at Layer.handleRequest (/app/server/node_modules/router/lib/layer.js:152:17)
    at trimPrefix (/app/server/node_modules/router/index.js:342:13)
    at /app/server/node_modules/router/index.js:297:9
    at processParams (/app/server/node_modules/router/index.js:582:12)
    at next (/app/server/node_modules/router/index.js:291:5)
    at /app/server/node_modules/body-parser/lib/read.js:171:5
🚫 Bloqueado por CORS: http://localhost:4173
Error: Not allowed by CORS
    at origin (/app/server/index.js:34:16)
    at /app/server/node_modules/cors/lib/index.js:219:13
    at optionsCallback (/app/server/node_modules/cors/lib/index.js:199:9)
    at corsMiddleware (/app/server/node_modules/cors/lib/index.js:204:7)
    at Layer.handleRequest (/app/server/node_modules/router/lib/layer.js:152:17)
    at trimPrefix (/app/server/node_modules/router/index.js:342:13)
    at /app/server/node_modules/router/index.js:297:9
    at processParams (/app/server/node_modules/router/index.js:582:12)
    at next (/app/server/node_modules/router/index.js:291:5)
    at read (/app/server/node_modules/body-parser/lib/read.js:62:5)
